<?xml version="1.0" encoding="UTF-8"?>
<!-- Generated by org.testng.reporters.JUnitReportReporter -->
<testsuite hostname="LAPTOP-QMK202VJ" failures="0" tests="5" name="TestCase.Selection_Dropdown" time="37.568" errors="0" timestamp="2022-06-13T12:50:43 IST" skipped="0">
  <testcase classname="TestCase.Selection_Dropdown" name="Choose_any_value_from_the_dropdown_list" time="8.989"/>
  <system-out/>
  <testcase classname="TestCase.Selection_Dropdown" name="PeopleNameWithOnlyBlueColor" time="6.363"/>
  <system-out/>
  <testcase classname="TestCase.Selection_Dropdown" name="returns_integer_after_division_by_2" time="5.750"/>
  <system-out/>
  <testcase classname="TestCase.Selection_Dropdown" name="Create_list_of_peoplenames_with_Blue_text_in_the_Color_column" time="10.610"/>
  <system-out/>
  <testcase classname="TestCase.Selection_Dropdown" name="CombinationOf2AND4" time="5.856"/>
  <system-out/>
</testsuite> <!-- TestCase.Selection_Dropdown -->
